The system is: Darwin - 16.7.0 - x86_64
Compiling the C compiler identification source file "CMakeCCompilerId.c" succeeded.
Compiler: /Applications/Xcode.app/Contents/Developer/Toolchains/XcodeDefault.xctoolchain/usr/bin/cc 
Build flags: 
Id flags:  

The output was:
0


Compilation of the C compiler identification source "CMakeCCompilerId.c" produced "a.out"

The C compiler identification is AppleClang, found in "/Users/xusheng/codes/Leader-election/cmake-build-debug/CMakeFiles/3.10.2/CompilerIdC/a.out"

Determining if the C compiler works passed with the following output:
Change Dir: /Users/xusheng/codes/Leader-election/cmake-build-debug/CMakeFiles/CMakeTmp

Run Build Command:"/usr/bin/make" "cmTC_50296/fast"
/Applications/Xcode.app/Contents/Developer/usr/bin/make -f CMakeFiles/cmTC_50296.dir/build.make CMakeFiles/cmTC_50296.dir/build
Building C object CMakeFiles/cmTC_50296.dir/testCCompiler.c.o
/Applications/Xcode.app/Contents/Developer/Toolchains/XcodeDefault.xctoolchain/usr/bin/cc    -o CMakeFiles/cmTC_50296.dir/testCCompiler.c.o   -c /Users/xusheng/codes/Leader-election/cmake-build-debug/CMakeFiles/CMakeTmp/testCCompiler.c
Linking C executable cmTC_50296
"/Users/xusheng/Library/Application Support/JetBrains/Toolbox/apps/CLion/ch-0/181.4203.549/CLion.app/Contents/bin/cmake/bin/cmake" -E cmake_link_script CMakeFiles/cmTC_50296.dir/link.txt --verbose=1
/Applications/Xcode.app/Contents/Developer/Toolchains/XcodeDefault.xctoolchain/usr/bin/cc   -Wl,-search_paths_first -Wl,-headerpad_max_install_names   CMakeFiles/cmTC_50296.dir/testCCompiler.c.o  -o cmTC_50296 


Detecting C compiler ABI info compiled with the following output:
Change Dir: /Users/xusheng/codes/Leader-election/cmake-build-debug/CMakeFiles/CMakeTmp

Run Build Command:"/usr/bin/make" "cmTC_3fafe/fast"
/Applications/Xcode.app/Contents/Developer/usr/bin/make -f CMakeFiles/cmTC_3fafe.dir/build.make CMakeFiles/cmTC_3fafe.dir/build
Building C object CMakeFiles/cmTC_3fafe.dir/CMakeCCompilerABI.c.o
/Applications/Xcode.app/Contents/Developer/Toolchains/XcodeDefault.xctoolchain/usr/bin/cc    -o CMakeFiles/cmTC_3fafe.dir/CMakeCCompilerABI.c.o   -c "/Users/xusheng/Library/Application Support/JetBrains/Toolbox/apps/CLion/ch-0/181.4203.549/CLion.app/Contents/bin/cmake/share/cmake-3.10/Modules/CMakeCCompilerABI.c"
Linking C executable cmTC_3fafe
"/Users/xusheng/Library/Application Support/JetBrains/Toolbox/apps/CLion/ch-0/181.4203.549/CLion.app/Contents/bin/cmake/bin/cmake" -E cmake_link_script CMakeFiles/cmTC_3fafe.dir/link.txt --verbose=1
/Applications/Xcode.app/Contents/Developer/Toolchains/XcodeDefault.xctoolchain/usr/bin/cc   -Wl,-search_paths_first -Wl,-headerpad_max_install_names  -v -Wl,-v CMakeFiles/cmTC_3fafe.dir/CMakeCCompilerABI.c.o  -o cmTC_3fafe 
Apple LLVM version 9.0.0 (clang-900.0.39.2)
Target: x86_64-apple-darwin16.7.0
Thread model: posix
InstalledDir: /Applications/Xcode.app/Contents/Developer/Toolchains/XcodeDefault.xctoolchain/usr/bin
 "/Applications/Xcode.app/Contents/Developer/Toolchains/XcodeDefault.xctoolchain/usr/bin/ld" -demangle -lto_library /Applications/Xcode.app/Contents/Developer/Toolchains/XcodeDefault.xctoolchain/usr/lib/libLTO.dylib -dynamic -arch x86_64 -macosx_version_min 10.12.0 -o cmTC_3fafe -search_paths_first -headerpad_max_install_names -v CMakeFiles/cmTC_3fafe.dir/CMakeCCompilerABI.c.o -lSystem /Applications/Xcode.app/Contents/Developer/Toolchains/XcodeDefault.xctoolchain/usr/lib/clang/9.0.0/lib/darwin/libclang_rt.osx.a
@(#)PROGRAM:ld  PROJECT:ld64-305
configured to support archs: armv6 armv7 armv7s arm64 i386 x86_64 x86_64h armv6m armv7k armv7m armv7em (tvOS)
Library search paths:
	/usr/lib
	/usr/local/lib
Framework search paths:
	/Library/Frameworks/
	/System/Library/Frameworks/


Parsed C implicit link information from above output:
  link line regex: [^( *|.*[/\])(ld|CMAKE_LINK_STARTFILE-NOTFOUND|([^/\]+-)?ld|collect2)[^/\]*( |$)]
  ignore line: [Change Dir: /Users/xusheng/codes/Leader-election/cmake-build-debug/CMakeFiles/CMakeTmp]
  ignore line: []
  ignore line: [Run Build Command:"/usr/bin/make" "cmTC_3fafe/fast"]
  ignore line: [/Applications/Xcode.app/Contents/Developer/usr/bin/make -f CMakeFiles/cmTC_3fafe.dir/build.make CMakeFiles/cmTC_3fafe.dir/build]
  ignore line: [Building C object CMakeFiles/cmTC_3fafe.dir/CMakeCCompilerABI.c.o]
  ignore line: [/Applications/Xcode.app/Contents/Developer/Toolchains/XcodeDefault.xctoolchain/usr/bin/cc    -o CMakeFiles/cmTC_3fafe.dir/CMakeCCompilerABI.c.o   -c "/Users/xusheng/Library/Application Support/JetBrains/Toolbox/apps/CLion/ch-0/181.4203.549/CLion.app/Contents/bin/cmake/share/cmake-3.10/Modules/CMakeCCompilerABI.c"]
  ignore line: [Linking C executable cmTC_3fafe]
  ignore line: ["/Users/xusheng/Library/Application Support/JetBrains/Toolbox/apps/CLion/ch-0/181.4203.549/CLion.app/Contents/bin/cmake/bin/cmake" -E cmake_link_script CMakeFiles/cmTC_3fafe.dir/link.txt --verbose=1]
  ignore line: [/Applications/Xcode.app/Contents/Developer/Toolchains/XcodeDefault.xctoolchain/usr/bin/cc   -Wl,-search_paths_first -Wl,-headerpad_max_install_names  -v -Wl,-v CMakeFiles/cmTC_3fafe.dir/CMakeCCompilerABI.c.o  -o cmTC_3fafe ]
  ignore line: [Apple LLVM version 9.0.0 (clang-900.0.39.2)]
  ignore line: [Target: x86_64-apple-darwin16.7.0]
  ignore line: [Thread model: posix]
  ignore line: [InstalledDir: /Applications/Xcode.app/Contents/Developer/Toolchains/XcodeDefault.xctoolchain/usr/bin]
  link line: [ "/Applications/Xcode.app/Contents/Developer/Toolchains/XcodeDefault.xctoolchain/usr/bin/ld" -demangle -lto_library /Applications/Xcode.app/Contents/Developer/Toolchains/XcodeDefault.xctoolchain/usr/lib/libLTO.dylib -dynamic -arch x86_64 -macosx_version_min 10.12.0 -o cmTC_3fafe -search_paths_first -headerpad_max_install_names -v CMakeFiles/cmTC_3fafe.dir/CMakeCCompilerABI.c.o -lSystem /Applications/Xcode.app/Contents/Developer/Toolchains/XcodeDefault.xctoolchain/usr/lib/clang/9.0.0/lib/darwin/libclang_rt.osx.a]
    arg [/Applications/Xcode.app/Contents/Developer/Toolchains/XcodeDefault.xctoolchain/usr/bin/ld] ==> ignore
    arg [-demangle] ==> ignore
    arg [-lto_library] ==> ignore, skip following value
    arg [/Applications/Xcode.app/Contents/Developer/Toolchains/XcodeDefault.xctoolchain/usr/lib/libLTO.dylib] ==> skip value of -lto_library
    arg [-dynamic] ==> ignore
    arg [-arch] ==> ignore
    arg [x86_64] ==> ignore
    arg [-macosx_version_min] ==> ignore
    arg [10.12.0] ==> ignore
    arg [-o] ==> ignore
    arg [cmTC_3fafe] ==> ignore
    arg [-search_paths_first] ==> ignore
    arg [-headerpad_max_install_names] ==> ignore
    arg [-v] ==> ignore
    arg [CMakeFiles/cmTC_3fafe.dir/CMakeCCompilerABI.c.o] ==> ignore
    arg [-lSystem] ==> lib [System]
    arg [/Applications/Xcode.app/Contents/Developer/Toolchains/XcodeDefault.xctoolchain/usr/lib/clang/9.0.0/lib/darwin/libclang_rt.osx.a] ==> lib [/Applications/Xcode.app/Contents/Developer/Toolchains/XcodeDefault.xctoolchain/usr/lib/clang/9.0.0/lib/darwin/libclang_rt.osx.a]
  Library search paths: [;/usr/lib;/usr/local/lib]
  Framework search paths: [;/Library/Frameworks/;/System/Library/Frameworks/]
  remove lib [System]
  remove lib [/Applications/Xcode.app/Contents/Developer/Toolchains/XcodeDefault.xctoolchain/usr/lib/clang/9.0.0/lib/darwin/libclang_rt.osx.a]
  collapse library dir [/usr/lib] ==> [/usr/lib]
  collapse library dir [/usr/local/lib] ==> [/usr/local/lib]
  collapse framework dir [/Library/Frameworks/] ==> [/Library/Frameworks]
  collapse framework dir [/System/Library/Frameworks/] ==> [/System/Library/Frameworks]
  implicit libs: []
  implicit dirs: [/usr/lib;/usr/local/lib]
  implicit fwks: [/Library/Frameworks;/System/Library/Frameworks]




Detecting C [-std=c11] compiler features compiled with the following output:
Change Dir: /Users/xusheng/codes/Leader-election/cmake-build-debug/CMakeFiles/CMakeTmp

Run Build Command:"/usr/bin/make" "cmTC_3d19d/fast"
/Applications/Xcode.app/Contents/Developer/usr/bin/make -f CMakeFiles/cmTC_3d19d.dir/build.make CMakeFiles/cmTC_3d19d.dir/build
Building C object CMakeFiles/cmTC_3d19d.dir/feature_tests.c.o
/Applications/Xcode.app/Contents/Developer/Toolchains/XcodeDefault.xctoolchain/usr/bin/cc   -std=c11 -o CMakeFiles/cmTC_3d19d.dir/feature_tests.c.o   -c /Users/xusheng/codes/Leader-election/cmake-build-debug/CMakeFiles/feature_tests.c
Linking C executable cmTC_3d19d
"/Users/xusheng/Library/Application Support/JetBrains/Toolbox/apps/CLion/ch-0/181.4203.549/CLion.app/Contents/bin/cmake/bin/cmake" -E cmake_link_script CMakeFiles/cmTC_3d19d.dir/link.txt --verbose=1
/Applications/Xcode.app/Contents/Developer/Toolchains/XcodeDefault.xctoolchain/usr/bin/cc   -Wl,-search_paths_first -Wl,-headerpad_max_install_names   CMakeFiles/cmTC_3d19d.dir/feature_tests.c.o  -o cmTC_3d19d 


    Feature record: C_FEATURE:1c_function_prototypes
    Feature record: C_FEATURE:1c_restrict
    Feature record: C_FEATURE:1c_static_assert
    Feature record: C_FEATURE:1c_variadic_macros


Detecting C [-std=c99] compiler features compiled with the following output:
Change Dir: /Users/xusheng/codes/Leader-election/cmake-build-debug/CMakeFiles/CMakeTmp

Run Build Command:"/usr/bin/make" "cmTC_be494/fast"
/Applications/Xcode.app/Contents/Developer/usr/bin/make -f CMakeFiles/cmTC_be494.dir/build.make CMakeFiles/cmTC_be494.dir/build
Building C object CMakeFiles/cmTC_be494.dir/feature_tests.c.o
/Applications/Xcode.app/Contents/Developer/Toolchains/XcodeDefault.xctoolchain/usr/bin/cc   -std=c99 -o CMakeFiles/cmTC_be494.dir/feature_tests.c.o   -c /Users/xusheng/codes/Leader-election/cmake-build-debug/CMakeFiles/feature_tests.c
Linking C executable cmTC_be494
"/Users/xusheng/Library/Application Support/JetBrains/Toolbox/apps/CLion/ch-0/181.4203.549/CLion.app/Contents/bin/cmake/bin/cmake" -E cmake_link_script CMakeFiles/cmTC_be494.dir/link.txt --verbose=1
/Applications/Xcode.app/Contents/Developer/Toolchains/XcodeDefault.xctoolchain/usr/bin/cc   -Wl,-search_paths_first -Wl,-headerpad_max_install_names   CMakeFiles/cmTC_be494.dir/feature_tests.c.o  -o cmTC_be494 


    Feature record: C_FEATURE:1c_function_prototypes
    Feature record: C_FEATURE:1c_restrict
    Feature record: C_FEATURE:0c_static_assert
    Feature record: C_FEATURE:1c_variadic_macros


Detecting C [-std=c90] compiler features compiled with the following output:
Change Dir: /Users/xusheng/codes/Leader-election/cmake-build-debug/CMakeFiles/CMakeTmp

Run Build Command:"/usr/bin/make" "cmTC_bad51/fast"
/Applications/Xcode.app/Contents/Developer/usr/bin/make -f CMakeFiles/cmTC_bad51.dir/build.make CMakeFiles/cmTC_bad51.dir/build
Building C object CMakeFiles/cmTC_bad51.dir/feature_tests.c.o
/Applications/Xcode.app/Contents/Developer/Toolchains/XcodeDefault.xctoolchain/usr/bin/cc   -std=c90 -o CMakeFiles/cmTC_bad51.dir/feature_tests.c.o   -c /Users/xusheng/codes/Leader-election/cmake-build-debug/CMakeFiles/feature_tests.c
Linking C executable cmTC_bad51
"/Users/xusheng/Library/Application Support/JetBrains/Toolbox/apps/CLion/ch-0/181.4203.549/CLion.app/Contents/bin/cmake/bin/cmake" -E cmake_link_script CMakeFiles/cmTC_bad51.dir/link.txt --verbose=1
/Applications/Xcode.app/Contents/Developer/Toolchains/XcodeDefault.xctoolchain/usr/bin/cc   -Wl,-search_paths_first -Wl,-headerpad_max_install_names   CMakeFiles/cmTC_bad51.dir/feature_tests.c.o  -o cmTC_bad51 


    Feature record: C_FEATURE:1c_function_prototypes
    Feature record: C_FEATURE:0c_restrict
    Feature record: C_FEATURE:0c_static_assert
    Feature record: C_FEATURE:0c_variadic_macros
Determining if the include file pthread.h exists passed with the following output:
Change Dir: /Users/xusheng/codes/Leader-election/cmake-build-debug/CMakeFiles/CMakeTmp

Run Build Command:"/usr/bin/make" "cmTC_a70e5/fast"
/Applications/Xcode.app/Contents/Developer/usr/bin/make -f CMakeFiles/cmTC_a70e5.dir/build.make CMakeFiles/cmTC_a70e5.dir/build
Building C object CMakeFiles/cmTC_a70e5.dir/CheckIncludeFile.c.o
/Applications/Xcode.app/Contents/Developer/Toolchains/XcodeDefault.xctoolchain/usr/bin/cc    -o CMakeFiles/cmTC_a70e5.dir/CheckIncludeFile.c.o   -c /Users/xusheng/codes/Leader-election/cmake-build-debug/CMakeFiles/CMakeTmp/CheckIncludeFile.c
Linking C executable cmTC_a70e5
"/Users/xusheng/Library/Application Support/JetBrains/Toolbox/apps/CLion/ch-0/181.4203.549/CLion.app/Contents/bin/cmake/bin/cmake" -E cmake_link_script CMakeFiles/cmTC_a70e5.dir/link.txt --verbose=1
/Applications/Xcode.app/Contents/Developer/Toolchains/XcodeDefault.xctoolchain/usr/bin/cc   -Wl,-search_paths_first -Wl,-headerpad_max_install_names   CMakeFiles/cmTC_a70e5.dir/CheckIncludeFile.c.o  -o cmTC_a70e5 


Determining if the pthread_create exist passed with the following output:
Change Dir: /Users/xusheng/codes/Leader-election/cmake-build-debug/CMakeFiles/CMakeTmp

Run Build Command:"/usr/bin/make" "cmTC_e8784/fast"
/Applications/Xcode.app/Contents/Developer/usr/bin/make -f CMakeFiles/cmTC_e8784.dir/build.make CMakeFiles/cmTC_e8784.dir/build
Building C object CMakeFiles/cmTC_e8784.dir/CheckSymbolExists.c.o
/Applications/Xcode.app/Contents/Developer/Toolchains/XcodeDefault.xctoolchain/usr/bin/cc    -o CMakeFiles/cmTC_e8784.dir/CheckSymbolExists.c.o   -c /Users/xusheng/codes/Leader-election/cmake-build-debug/CMakeFiles/CMakeTmp/CheckSymbolExists.c
Linking C executable cmTC_e8784
"/Users/xusheng/Library/Application Support/JetBrains/Toolbox/apps/CLion/ch-0/181.4203.549/CLion.app/Contents/bin/cmake/bin/cmake" -E cmake_link_script CMakeFiles/cmTC_e8784.dir/link.txt --verbose=1
/Applications/Xcode.app/Contents/Developer/Toolchains/XcodeDefault.xctoolchain/usr/bin/cc   -Wl,-search_paths_first -Wl,-headerpad_max_install_names   CMakeFiles/cmTC_e8784.dir/CheckSymbolExists.c.o  -o cmTC_e8784 

File /Users/xusheng/codes/Leader-election/cmake-build-debug/CMakeFiles/CMakeTmp/CheckSymbolExists.c:
/* */
#include <pthread.h>

int main(int argc, char** argv)
{
  (void)argv;
#ifndef pthread_create
  return ((int*)(&pthread_create))[argc];
#else
  (void)argc;
  return 0;
#endif
}

